2014/08/22 03:23:59 [error] [exception.CHttpException.404] exception 'CHttpException' with message 'Unable to resolve the request "ie10-viewport-bug-workaround.js".' in K:\home\79a\www\framework\web\CWebApplication.php:286
Stack trace:
#0 K:\home\79a\www\framework\web\CWebApplication.php(141): CWebApplication->runController('ie10-viewport-b...')
#1 K:\home\79a\www\framework\base\CApplication.php(180): CWebApplication->processRequest()
#2 K:\home\79a\www\index.php(13): CApplication->run()
#3 {main}
REQUEST_URI=/ie10-viewport-bug-workaround.js
HTTP_REFERER=http://79a/
---
2014/08/22 03:24:32 [error] [exception.CHttpException.404] exception 'CHttpException' with message 'Unable to resolve the request "ie10-viewport-bug-workaround.js".' in K:\home\79a\www\framework\web\CWebApplication.php:286
Stack trace:
#0 K:\home\79a\www\framework\web\CWebApplication.php(141): CWebApplication->runController('ie10-viewport-b...')
#1 K:\home\79a\www\framework\base\CApplication.php(180): CWebApplication->processRequest()
#2 K:\home\79a\www\index.php(13): CApplication->run()
#3 {main}
REQUEST_URI=/ie10-viewport-bug-workaround.js
HTTP_REFERER=http://79a/
---
2014/08/22 03:26:56 [error] [exception.CHttpException.404] exception 'CHttpException' with message 'Unable to resolve the request "ie10-viewport-bug-workaround.js".' in K:\home\79a\www\framework\web\CWebApplication.php:286
Stack trace:
#0 K:\home\79a\www\framework\web\CWebApplication.php(141): CWebApplication->runController('ie10-viewport-b...')
#1 K:\home\79a\www\framework\base\CApplication.php(180): CWebApplication->processRequest()
#2 K:\home\79a\www\index.php(13): CApplication->run()
#3 {main}
REQUEST_URI=/ie10-viewport-bug-workaround.js
HTTP_REFERER=http://79a/
---
2014/08/22 03:30:54 [error] [exception.CHttpException.404] exception 'CHttpException' with message 'Unable to resolve the request "ie10-viewport-bug-workaround.js".' in K:\home\79a\www\framework\web\CWebApplication.php:286
Stack trace:
#0 K:\home\79a\www\framework\web\CWebApplication.php(141): CWebApplication->runController('ie10-viewport-b...')
#1 K:\home\79a\www\framework\base\CApplication.php(180): CWebApplication->processRequest()
#2 K:\home\79a\www\index.php(13): CApplication->run()
#3 {main}
REQUEST_URI=/ie10-viewport-bug-workaround.js
HTTP_REFERER=http://79a/
---
2014/08/22 03:31:07 [error] [exception.CHttpException.404] exception 'CHttpException' with message 'Unable to resolve the request "ie10-viewport-bug-workaround.js".' in K:\home\79a\www\framework\web\CWebApplication.php:286
Stack trace:
#0 K:\home\79a\www\framework\web\CWebApplication.php(141): CWebApplication->runController('ie10-viewport-b...')
#1 K:\home\79a\www\framework\base\CApplication.php(180): CWebApplication->processRequest()
#2 K:\home\79a\www\index.php(13): CApplication->run()
#3 {main}
REQUEST_URI=/ie10-viewport-bug-workaround.js
HTTP_REFERER=http://79a/
---
2014/08/22 03:32:24 [error] [exception.CHttpException.404] exception 'CHttpException' with message 'Unable to resolve the request "ie10-viewport-bug-workaround.js".' in K:\home\79a\www\framework\web\CWebApplication.php:286
Stack trace:
#0 K:\home\79a\www\framework\web\CWebApplication.php(141): CWebApplication->runController('ie10-viewport-b...')
#1 K:\home\79a\www\framework\base\CApplication.php(180): CWebApplication->processRequest()
#2 K:\home\79a\www\index.php(13): CApplication->run()
#3 {main}
REQUEST_URI=/ie10-viewport-bug-workaround.js
HTTP_REFERER=http://79a/
---
2014/08/22 03:33:10 [error] [exception.CHttpException.404] exception 'CHttpException' with message 'Unable to resolve the request "ie10-viewport-bug-workaround.js".' in K:\home\79a\www\framework\web\CWebApplication.php:286
Stack trace:
#0 K:\home\79a\www\framework\web\CWebApplication.php(141): CWebApplication->runController('ie10-viewport-b...')
#1 K:\home\79a\www\framework\base\CApplication.php(180): CWebApplication->processRequest()
#2 K:\home\79a\www\index.php(13): CApplication->run()
#3 {main}
REQUEST_URI=/ie10-viewport-bug-workaround.js
HTTP_REFERER=http://79a/
---
2014/08/22 03:33:40 [error] [exception.CHttpException.404] exception 'CHttpException' with message 'Unable to resolve the request "ie10-viewport-bug-workaround.js".' in K:\home\79a\www\framework\web\CWebApplication.php:286
Stack trace:
#0 K:\home\79a\www\framework\web\CWebApplication.php(141): CWebApplication->runController('ie10-viewport-b...')
#1 K:\home\79a\www\framework\base\CApplication.php(180): CWebApplication->processRequest()
#2 K:\home\79a\www\index.php(13): CApplication->run()
#3 {main}
REQUEST_URI=/ie10-viewport-bug-workaround.js
HTTP_REFERER=http://79a/
---
2014/08/22 03:34:10 [error] [exception.CHttpException.404] exception 'CHttpException' with message 'Unable to resolve the request "ie10-viewport-bug-workaround.js".' in K:\home\79a\www\framework\web\CWebApplication.php:286
Stack trace:
#0 K:\home\79a\www\framework\web\CWebApplication.php(141): CWebApplication->runController('ie10-viewport-b...')
#1 K:\home\79a\www\framework\base\CApplication.php(180): CWebApplication->processRequest()
#2 K:\home\79a\www\index.php(13): CApplication->run()
#3 {main}
REQUEST_URI=/ie10-viewport-bug-workaround.js
HTTP_REFERER=http://79a/
---
2014/08/22 03:35:00 [error] [exception.CHttpException.404] exception 'CHttpException' with message 'Unable to resolve the request "ie10-viewport-bug-workaround.js".' in K:\home\79a\www\framework\web\CWebApplication.php:286
Stack trace:
#0 K:\home\79a\www\framework\web\CWebApplication.php(141): CWebApplication->runController('ie10-viewport-b...')
#1 K:\home\79a\www\framework\base\CApplication.php(180): CWebApplication->processRequest()
#2 K:\home\79a\www\index.php(13): CApplication->run()
#3 {main}
REQUEST_URI=/ie10-viewport-bug-workaround.js
HTTP_REFERER=http://79a/
---
2014/08/22 03:36:08 [error] [exception.CHttpException.404] exception 'CHttpException' with message 'Unable to resolve the request "ie10-viewport-bug-workaround.js".' in K:\home\79a\www\framework\web\CWebApplication.php:286
Stack trace:
#0 K:\home\79a\www\framework\web\CWebApplication.php(141): CWebApplication->runController('ie10-viewport-b...')
#1 K:\home\79a\www\framework\base\CApplication.php(180): CWebApplication->processRequest()
#2 K:\home\79a\www\index.php(13): CApplication->run()
#3 {main}
REQUEST_URI=/ie10-viewport-bug-workaround.js
HTTP_REFERER=http://79a/index.php/newDb
---
2014/08/22 03:36:08 [error] [exception.CHttpException.404] exception 'CHttpException' with message 'Unable to resolve the request "favicon.ico".' in K:\home\79a\www\framework\web\CWebApplication.php:286
Stack trace:
#0 K:\home\79a\www\framework\web\CWebApplication.php(141): CWebApplication->runController('favicon.ico')
#1 K:\home\79a\www\framework\base\CApplication.php(180): CWebApplication->processRequest()
#2 K:\home\79a\www\index.php(13): CApplication->run()
#3 {main}
REQUEST_URI=/index.php/favicon.ico
---
2014/08/22 03:36:08 [error] [exception.CHttpException.404] exception 'CHttpException' with message 'Unable to resolve the request "favicon.ico".' in K:\home\79a\www\framework\web\CWebApplication.php:286
Stack trace:
#0 K:\home\79a\www\framework\web\CWebApplication.php(141): CWebApplication->runController('favicon.ico')
#1 K:\home\79a\www\framework\base\CApplication.php(180): CWebApplication->processRequest()
#2 K:\home\79a\www\index.php(13): CApplication->run()
#3 {main}
REQUEST_URI=/index.php/favicon.ico
---
2014/08/22 03:38:20 [error] [exception.CHttpException.404] exception 'CHttpException' with message 'Unable to resolve the request "ie10-viewport-bug-workaround.js".' in K:\home\79a\www\framework\web\CWebApplication.php:286
Stack trace:
#0 K:\home\79a\www\framework\web\CWebApplication.php(141): CWebApplication->runController('ie10-viewport-b...')
#1 K:\home\79a\www\framework\base\CApplication.php(180): CWebApplication->processRequest()
#2 K:\home\79a\www\index.php(13): CApplication->run()
#3 {main}
REQUEST_URI=/ie10-viewport-bug-workaround.js
HTTP_REFERER=http://79a/index.php/newDb
---
2014/08/22 03:40:00 [error] [exception.CHttpException.404] exception 'CHttpException' with message 'Unable to resolve the request "ie10-viewport-bug-workaround.js".' in K:\home\79a\www\framework\web\CWebApplication.php:286
Stack trace:
#0 K:\home\79a\www\framework\web\CWebApplication.php(141): CWebApplication->runController('ie10-viewport-b...')
#1 K:\home\79a\www\framework\base\CApplication.php(180): CWebApplication->processRequest()
#2 K:\home\79a\www\index.php(13): CApplication->run()
#3 {main}
REQUEST_URI=/ie10-viewport-bug-workaround.js
HTTP_REFERER=http://79a/index.php/newDb
---
2014/08/22 03:40:14 [error] [exception.CHttpException.404] exception 'CHttpException' with message 'Unable to resolve the request "ie10-viewport-bug-workaround.js".' in K:\home\79a\www\framework\web\CWebApplication.php:286
Stack trace:
#0 K:\home\79a\www\framework\web\CWebApplication.php(141): CWebApplication->runController('ie10-viewport-b...')
#1 K:\home\79a\www\framework\base\CApplication.php(180): CWebApplication->processRequest()
#2 K:\home\79a\www\index.php(13): CApplication->run()
#3 {main}
REQUEST_URI=/ie10-viewport-bug-workaround.js
HTTP_REFERER=http://79a/index.php/newDb
---
2014/08/22 03:40:39 [error] [exception.CHttpException.404] exception 'CHttpException' with message 'Unable to resolve the request "ie10-viewport-bug-workaround.js".' in K:\home\79a\www\framework\web\CWebApplication.php:286
Stack trace:
#0 K:\home\79a\www\framework\web\CWebApplication.php(141): CWebApplication->runController('ie10-viewport-b...')
#1 K:\home\79a\www\framework\base\CApplication.php(180): CWebApplication->processRequest()
#2 K:\home\79a\www\index.php(13): CApplication->run()
#3 {main}
REQUEST_URI=/ie10-viewport-bug-workaround.js
HTTP_REFERER=http://79a/index.php/newDb
---
2014/08/22 03:41:27 [error] [exception.CHttpException.404] exception 'CHttpException' with message 'Unable to resolve the request "ie10-viewport-bug-workaround.js".' in K:\home\79a\www\framework\web\CWebApplication.php:286
Stack trace:
#0 K:\home\79a\www\framework\web\CWebApplication.php(141): CWebApplication->runController('ie10-viewport-b...')
#1 K:\home\79a\www\framework\base\CApplication.php(180): CWebApplication->processRequest()
#2 K:\home\79a\www\index.php(13): CApplication->run()
#3 {main}
REQUEST_URI=/ie10-viewport-bug-workaround.js
HTTP_REFERER=http://79a/index.php/newDb
---
2014/08/22 03:42:14 [error] [exception.CHttpException.404] exception 'CHttpException' with message 'Unable to resolve the request "ie10-viewport-bug-workaround.js".' in K:\home\79a\www\framework\web\CWebApplication.php:286
Stack trace:
#0 K:\home\79a\www\framework\web\CWebApplication.php(141): CWebApplication->runController('ie10-viewport-b...')
#1 K:\home\79a\www\framework\base\CApplication.php(180): CWebApplication->processRequest()
#2 K:\home\79a\www\index.php(13): CApplication->run()
#3 {main}
REQUEST_URI=/ie10-viewport-bug-workaround.js
HTTP_REFERER=http://79a/
---
2014/08/22 03:48:10 [error] [exception.CHttpException.404] exception 'CHttpException' with message 'Unable to resolve the request "ie10-viewport-bug-workaround.js".' in K:\home\79a\www\framework\web\CWebApplication.php:286
Stack trace:
#0 K:\home\79a\www\framework\web\CWebApplication.php(141): CWebApplication->runController('ie10-viewport-b...')
#1 K:\home\79a\www\framework\base\CApplication.php(180): CWebApplication->processRequest()
#2 K:\home\79a\www\index.php(13): CApplication->run()
#3 {main}
REQUEST_URI=/ie10-viewport-bug-workaround.js
HTTP_REFERER=http://79a/
---
2014/08/22 03:48:39 [error] [exception.CHttpException.404] exception 'CHttpException' with message 'Unable to resolve the request "ie10-viewport-bug-workaround.js".' in K:\home\79a\www\framework\web\CWebApplication.php:286
Stack trace:
#0 K:\home\79a\www\framework\web\CWebApplication.php(141): CWebApplication->runController('ie10-viewport-b...')
#1 K:\home\79a\www\framework\base\CApplication.php(180): CWebApplication->processRequest()
#2 K:\home\79a\www\index.php(13): CApplication->run()
#3 {main}
REQUEST_URI=/ie10-viewport-bug-workaround.js
HTTP_REFERER=http://79a/NewDb
---
2014/08/22 03:50:17 [error] [exception.CHttpException.404] exception 'CHttpException' with message 'Unable to resolve the request "ie10-viewport-bug-workaround.js".' in K:\home\79a\www\framework\web\CWebApplication.php:286
Stack trace:
#0 K:\home\79a\www\framework\web\CWebApplication.php(141): CWebApplication->runController('ie10-viewport-b...')
#1 K:\home\79a\www\framework\base\CApplication.php(180): CWebApplication->processRequest()
#2 K:\home\79a\www\index.php(13): CApplication->run()
#3 {main}
REQUEST_URI=/ie10-viewport-bug-workaround.js
HTTP_REFERER=http://79a/NewDb
---
2014/08/22 03:52:30 [error] [exception.CHttpException.404] exception 'CHttpException' with message 'Unable to resolve the request "ie10-viewport-bug-workaround.js".' in K:\home\79a\www\framework\web\CWebApplication.php:286
Stack trace:
#0 K:\home\79a\www\framework\web\CWebApplication.php(141): CWebApplication->runController('ie10-viewport-b...')
#1 K:\home\79a\www\framework\base\CApplication.php(180): CWebApplication->processRequest()
#2 K:\home\79a\www\index.php(13): CApplication->run()
#3 {main}
REQUEST_URI=/ie10-viewport-bug-workaround.js
HTTP_REFERER=http://79a/NewDb
---
2014/08/22 03:52:33 [error] [exception.CHttpException.404] exception 'CHttpException' with message 'Unable to resolve the request "ie10-viewport-bug-workaround.js".' in K:\home\79a\www\framework\web\CWebApplication.php:286
Stack trace:
#0 K:\home\79a\www\framework\web\CWebApplication.php(141): CWebApplication->runController('ie10-viewport-b...')
#1 K:\home\79a\www\framework\base\CApplication.php(180): CWebApplication->processRequest()
#2 K:\home\79a\www\index.php(13): CApplication->run()
#3 {main}
REQUEST_URI=/ie10-viewport-bug-workaround.js
HTTP_REFERER=http://79a/NewDb
---
2014/08/22 03:56:17 [error] [exception.CHttpException.404] exception 'CHttpException' with message 'Unable to resolve the request "ie10-viewport-bug-workaround.js".' in K:\home\79a\www\framework\web\CWebApplication.php:286
Stack trace:
#0 K:\home\79a\www\framework\web\CWebApplication.php(141): CWebApplication->runController('ie10-viewport-b...')
#1 K:\home\79a\www\framework\base\CApplication.php(180): CWebApplication->processRequest()
#2 K:\home\79a\www\index.php(13): CApplication->run()
#3 {main}
REQUEST_URI=/ie10-viewport-bug-workaround.js
HTTP_REFERER=http://79a/NewDb
---
2014/08/22 03:56:18 [error] [exception.CHttpException.404] exception 'CHttpException' with message 'Unable to resolve the request "ie10-viewport-bug-workaround.js".' in K:\home\79a\www\framework\web\CWebApplication.php:286
Stack trace:
#0 K:\home\79a\www\framework\web\CWebApplication.php(141): CWebApplication->runController('ie10-viewport-b...')
#1 K:\home\79a\www\framework\base\CApplication.php(180): CWebApplication->processRequest()
#2 K:\home\79a\www\index.php(13): CApplication->run()
#3 {main}
REQUEST_URI=/ie10-viewport-bug-workaround.js
HTTP_REFERER=http://79a/
---
2014/08/22 03:56:35 [error] [exception.CHttpException.404] exception 'CHttpException' with message 'Unable to resolve the request "ie10-viewport-bug-workaround.js".' in K:\home\79a\www\framework\web\CWebApplication.php:286
Stack trace:
#0 K:\home\79a\www\framework\web\CWebApplication.php(141): CWebApplication->runController('ie10-viewport-b...')
#1 K:\home\79a\www\framework\base\CApplication.php(180): CWebApplication->processRequest()
#2 K:\home\79a\www\index.php(13): CApplication->run()
#3 {main}
REQUEST_URI=/ie10-viewport-bug-workaround.js
HTTP_REFERER=http://79a/NewDb
---
2014/08/22 03:56:43 [error] [exception.CHttpException.404] exception 'CHttpException' with message 'Unable to resolve the request "ie10-viewport-bug-workaround.js".' in K:\home\79a\www\framework\web\CWebApplication.php:286
Stack trace:
#0 K:\home\79a\www\framework\web\CWebApplication.php(141): CWebApplication->runController('ie10-viewport-b...')
#1 K:\home\79a\www\framework\base\CApplication.php(180): CWebApplication->processRequest()
#2 K:\home\79a\www\index.php(13): CApplication->run()
#3 {main}
REQUEST_URI=/ie10-viewport-bug-workaround.js
HTTP_REFERER=http://79a/
---
2014/08/22 03:56:49 [error] [exception.CHttpException.404] exception 'CHttpException' with message 'Unable to resolve the request "ie10-viewport-bug-workaround.js".' in K:\home\79a\www\framework\web\CWebApplication.php:286
Stack trace:
#0 K:\home\79a\www\framework\web\CWebApplication.php(141): CWebApplication->runController('ie10-viewport-b...')
#1 K:\home\79a\www\framework\base\CApplication.php(180): CWebApplication->processRequest()
#2 K:\home\79a\www\index.php(13): CApplication->run()
#3 {main}
REQUEST_URI=/ie10-viewport-bug-workaround.js
HTTP_REFERER=http://79a/
---
2014/08/22 04:02:12 [error] [exception.CHttpException.404] exception 'CHttpException' with message 'Unable to resolve the request "ie10-viewport-bug-workaround.js".' in K:\home\79a\www\framework\web\CWebApplication.php:286
Stack trace:
#0 K:\home\79a\www\framework\web\CWebApplication.php(141): CWebApplication->runController('ie10-viewport-b...')
#1 K:\home\79a\www\framework\base\CApplication.php(180): CWebApplication->processRequest()
#2 K:\home\79a\www\index.php(13): CApplication->run()
#3 {main}
REQUEST_URI=/ie10-viewport-bug-workaround.js
HTTP_REFERER=http://79a/NewDb
---
2014/08/22 04:23:53 [error] [exception.CDbException] exception 'CDbException' with message 'CDbConnection failed to open the DB connection: SQLSTATE[42000] [1049] Unknown database 'testdrive'' in K:\home\79a\www\framework\db\CDbConnection.php:382
Stack trace:
#0 K:\home\79a\www\framework\db\CDbConnection.php(330): CDbConnection->open()
#1 K:\home\79a\www\framework\db\CDbConnection.php(308): CDbConnection->setActive(true)
#2 K:\home\79a\www\framework\base\CModule.php(387): CDbConnection->init()
#3 K:\home\79a\www\framework\base\CModule.php(103): CModule->getComponent('db')
#4 K:\home\79a\www\protected\controllers\NewDbController.php(28): CModule->__get('db')
#5 K:\home\79a\www\framework\web\actions\CInlineAction.php(49): NewDbController->actionHomeowners()
#6 K:\home\79a\www\framework\web\CController.php(308): CInlineAction->runWithParams(Array)
#7 K:\home\79a\www\framework\web\CController.php(286): CController->runAction(Object(CInlineAction))
#8 K:\home\79a\www\framework\web\CController.php(265): CController->runActionWithFilters(Object(CInlineAction), Array)
#9 K:\home\79a\www\framework\web\CWebApplication.php(282): CController->run('Homeowners')
#10 K:\home\79a\www\framework\web\CWebApplication.php(141): CWebApplication->runController('NewDb/Homeowner...')
#11 K:\home\79a\www\framework\base\CApplication.php(180): CWebApplication->processRequest()
#12 K:\home\79a\www\index.php(13): CApplication->run()
#13 {main}
REQUEST_URI=/NewDb/Homeowners
---
2014/08/22 04:25:52 [error] [system.db.CDbCommand] CDbCommand::execute() failed: SQLSTATE[42000]: Syntax error or access violation: 1064 You have an error in your SQL syntax; check the manual that corresponds to your MySQL server version for the right syntax to use near 'INDEX (departmentId)
            )' at line 13. The SQL statement executed was: CREATE TABLE IF NOT EXISTS  Homeowners (
            id MEDIUMINT UNSIGNED NOT NULL AUTO_INCREMENT PRIMARY KEY,            
            firstName VARCHAR(255) NOT NULL,
            lastName VARCHAR(255) NOT NULL,
            patronymicName VARCHAR(255) default "",
            email VARCHAR(255) default "",
           
            hireDate TIMESTAMP NOT NULL DEFAULT CURRENT_TIMESTAMP, 
            registerDate TIMESTAMP NOT NULL DEFAULT CURRENT_TIMESTAMP,  
            
            ip INT UNSIGNED NOT NULL   
                  
            INDEX (departmentId)
            )  .
in K:\home\79a\www\protected\controllers\NewDbController.php (28)
in K:\home\79a\www\index.php (13)
2014/08/22 04:25:52 [error] [exception.CDbException] exception 'CDbException' with message 'CDbCommand failed to execute the SQL statement: SQLSTATE[42000]: Syntax error or access violation: 1064 You have an error in your SQL syntax; check the manual that corresponds to your MySQL server version for the right syntax to use near 'INDEX (departmentId)
            )' at line 13. The SQL statement executed was: CREATE TABLE IF NOT EXISTS  Homeowners (
            id MEDIUMINT UNSIGNED NOT NULL AUTO_INCREMENT PRIMARY KEY,            
            firstName VARCHAR(255) NOT NULL,
            lastName VARCHAR(255) NOT NULL,
            patronymicName VARCHAR(255) default "",
            email VARCHAR(255) default "",
           
            hireDate TIMESTAMP NOT NULL DEFAULT CURRENT_TIMESTAMP, 
            registerDate TIMESTAMP NOT NULL DEFAULT CURRENT_TIMESTAMP,  
            
            ip INT UNSIGNED NOT NULL   
                  
            INDEX (departmentId)
            )  ' in K:\home\79a\www\framework\db\CDbCommand.php:358
Stack trace:
#0 K:\home\79a\www\protected\controllers\NewDbController.php(28): CDbCommand->execute()
#1 K:\home\79a\www\framework\web\actions\CInlineAction.php(49): NewDbController->actionHomeowners()
#2 K:\home\79a\www\framework\web\CController.php(308): CInlineAction->runWithParams(Array)
#3 K:\home\79a\www\framework\web\CController.php(286): CController->runAction(Object(CInlineAction))
#4 K:\home\79a\www\framework\web\CController.php(265): CController->runActionWithFilters(Object(CInlineAction), Array)
#5 K:\home\79a\www\framework\web\CWebApplication.php(282): CController->run('Homeowners')
#6 K:\home\79a\www\framework\web\CWebApplication.php(141): CWebApplication->runController('NewDb/Homeowner...')
#7 K:\home\79a\www\framework\base\CApplication.php(180): CWebApplication->processRequest()
#8 K:\home\79a\www\index.php(13): CApplication->run()
#9 {main}
REQUEST_URI=/NewDb/Homeowners
---
2014/08/22 04:26:32 [error] [system.db.CDbCommand] CDbCommand::execute() failed: SQLSTATE[42000]: Syntax error or access violation: 1064 You have an error in your SQL syntax; check the manual that corresponds to your MySQL server version for the right syntax to use near 'INDEX (departmentId)
            )' at line 13. The SQL statement executed was: CREATE TABLE IF NOT EXISTS  Homeowners (
            id MEDIUMINT UNSIGNED NOT NULL AUTO_INCREMENT PRIMARY KEY,            
            firstName VARCHAR(255) NOT NULL,
            lastName VARCHAR(255) NOT NULL,
            patronymicName VARCHAR(255) default "",
            email VARCHAR(255) default "",
           
            hireDate TIMESTAMP NOT NULL DEFAULT CURRENT_TIMESTAMP, 
            registerDate TIMESTAMP NOT NULL DEFAULT CURRENT_TIMESTAMP,  
            
            ip INT UNSIGNED NOT NULL   
                  
            INDEX (departmentId)
            )  .
in K:\home\79a\www\protected\controllers\NewDbController.php (28)
in K:\home\79a\www\index.php (13)
2014/08/22 04:26:32 [error] [exception.CDbException] exception 'CDbException' with message 'CDbCommand failed to execute the SQL statement: SQLSTATE[42000]: Syntax error or access violation: 1064 You have an error in your SQL syntax; check the manual that corresponds to your MySQL server version for the right syntax to use near 'INDEX (departmentId)
            )' at line 13. The SQL statement executed was: CREATE TABLE IF NOT EXISTS  Homeowners (
            id MEDIUMINT UNSIGNED NOT NULL AUTO_INCREMENT PRIMARY KEY,            
            firstName VARCHAR(255) NOT NULL,
            lastName VARCHAR(255) NOT NULL,
            patronymicName VARCHAR(255) default "",
            email VARCHAR(255) default "",
           
            hireDate TIMESTAMP NOT NULL DEFAULT CURRENT_TIMESTAMP, 
            registerDate TIMESTAMP NOT NULL DEFAULT CURRENT_TIMESTAMP,  
            
            ip INT UNSIGNED NOT NULL   
                  
            INDEX (departmentId)
            )  ' in K:\home\79a\www\framework\db\CDbCommand.php:358
Stack trace:
#0 K:\home\79a\www\protected\controllers\NewDbController.php(28): CDbCommand->execute()
#1 K:\home\79a\www\framework\web\actions\CInlineAction.php(49): NewDbController->actionHomeowners()
#2 K:\home\79a\www\framework\web\CController.php(308): CInlineAction->runWithParams(Array)
#3 K:\home\79a\www\framework\web\CController.php(286): CController->runAction(Object(CInlineAction))
#4 K:\home\79a\www\framework\web\CController.php(265): CController->runActionWithFilters(Object(CInlineAction), Array)
#5 K:\home\79a\www\framework\web\CWebApplication.php(282): CController->run('Homeowners')
#6 K:\home\79a\www\framework\web\CWebApplication.php(141): CWebApplication->runController('NewDb/Homeowner...')
#7 K:\home\79a\www\framework\base\CApplication.php(180): CWebApplication->processRequest()
#8 K:\home\79a\www\index.php(13): CApplication->run()
#9 {main}
REQUEST_URI=/NewDb/Homeowners
---
2014/08/22 04:27:04 [error] [exception.CHttpException.404] exception 'CHttpException' with message 'Unable to resolve the request "ie10-viewport-bug-workaround.js".' in K:\home\79a\www\framework\web\CWebApplication.php:286
Stack trace:
#0 K:\home\79a\www\framework\web\CWebApplication.php(141): CWebApplication->runController('ie10-viewport-b...')
#1 K:\home\79a\www\framework\base\CApplication.php(180): CWebApplication->processRequest()
#2 K:\home\79a\www\index.php(13): CApplication->run()
#3 {main}
REQUEST_URI=/ie10-viewport-bug-workaround.js
HTTP_REFERER=http://79a/NewDb/Homeowners
---
2014/08/22 04:27:04 [error] [exception.CHttpException.404] exception 'CHttpException' with message 'The system is unable to find the requested action "favicon.ico".' in K:\home\79a\www\framework\web\CController.php:483
Stack trace:
#0 K:\home\79a\www\framework\web\CController.php(270): CController->missingAction('favicon.ico')
#1 K:\home\79a\www\framework\web\CWebApplication.php(282): CController->run('favicon.ico')
#2 K:\home\79a\www\framework\web\CWebApplication.php(141): CWebApplication->runController('NewDb/favicon.i...')
#3 K:\home\79a\www\framework\base\CApplication.php(180): CWebApplication->processRequest()
#4 K:\home\79a\www\index.php(13): CApplication->run()
#5 {main}
REQUEST_URI=/NewDb/favicon.ico
---
2014/08/22 04:27:04 [error] [exception.CHttpException.404] exception 'CHttpException' with message 'The system is unable to find the requested action "favicon.ico".' in K:\home\79a\www\framework\web\CController.php:483
Stack trace:
#0 K:\home\79a\www\framework\web\CController.php(270): CController->missingAction('favicon.ico')
#1 K:\home\79a\www\framework\web\CWebApplication.php(282): CController->run('favicon.ico')
#2 K:\home\79a\www\framework\web\CWebApplication.php(141): CWebApplication->runController('NewDb/favicon.i...')
#3 K:\home\79a\www\framework\base\CApplication.php(180): CWebApplication->processRequest()
#4 K:\home\79a\www\index.php(13): CApplication->run()
#5 {main}
REQUEST_URI=/NewDb/favicon.ico
---
2014/08/22 04:27:13 [error] [exception.CHttpException.404] exception 'CHttpException' with message 'Unable to resolve the request "ie10-viewport-bug-workaround.js".' in K:\home\79a\www\framework\web\CWebApplication.php:286
Stack trace:
#0 K:\home\79a\www\framework\web\CWebApplication.php(141): CWebApplication->runController('ie10-viewport-b...')
#1 K:\home\79a\www\framework\base\CApplication.php(180): CWebApplication->processRequest()
#2 K:\home\79a\www\index.php(13): CApplication->run()
#3 {main}
REQUEST_URI=/ie10-viewport-bug-workaround.js
HTTP_REFERER=http://79a/NewDb/Homeowners
---
2014/08/22 04:45:21 [error] [exception.CHttpException.404] exception 'CHttpException' with message 'Unable to resolve the request "ie10-viewport-bug-workaround.js".' in K:\home\79a\www\framework\web\CWebApplication.php:286
Stack trace:
#0 K:\home\79a\www\framework\web\CWebApplication.php(141): CWebApplication->runController('ie10-viewport-b...')
#1 K:\home\79a\www\framework\base\CApplication.php(180): CWebApplication->processRequest()
#2 K:\home\79a\www\index.php(13): CApplication->run()
#3 {main}
REQUEST_URI=/ie10-viewport-bug-workaround.js
HTTP_REFERER=http://79a/NewDb/Homeowners
---
2014/08/22 04:46:57 [error] [exception.CHttpException.404] exception 'CHttpException' with message 'Unable to resolve the request "ie10-viewport-bug-workaround.js".' in K:\home\79a\www\framework\web\CWebApplication.php:286
Stack trace:
#0 K:\home\79a\www\framework\web\CWebApplication.php(141): CWebApplication->runController('ie10-viewport-b...')
#1 K:\home\79a\www\framework\base\CApplication.php(180): CWebApplication->processRequest()
#2 K:\home\79a\www\index.php(13): CApplication->run()
#3 {main}
REQUEST_URI=/ie10-viewport-bug-workaround.js
HTTP_REFERER=http://79a/NewDb/
---
2014/08/22 04:47:11 [error] [exception.CHttpException.404] exception 'CHttpException' with message 'Unable to resolve the request "ie10-viewport-bug-workaround.js".' in K:\home\79a\www\framework\web\CWebApplication.php:286
Stack trace:
#0 K:\home\79a\www\framework\web\CWebApplication.php(141): CWebApplication->runController('ie10-viewport-b...')
#1 K:\home\79a\www\framework\base\CApplication.php(180): CWebApplication->processRequest()
#2 K:\home\79a\www\index.php(13): CApplication->run()
#3 {main}
REQUEST_URI=/ie10-viewport-bug-workaround.js
HTTP_REFERER=http://79a/NewDb/
---
2014/08/22 04:50:34 [error] [exception.CHttpException.404] exception 'CHttpException' with message 'Unable to resolve the request "ie10-viewport-bug-workaround.js".' in K:\home\79a\www\framework\web\CWebApplication.php:286
Stack trace:
#0 K:\home\79a\www\framework\web\CWebApplication.php(141): CWebApplication->runController('ie10-viewport-b...')
#1 K:\home\79a\www\framework\base\CApplication.php(180): CWebApplication->processRequest()
#2 K:\home\79a\www\index.php(13): CApplication->run()
#3 {main}
REQUEST_URI=/ie10-viewport-bug-workaround.js
HTTP_REFERER=http://79a/NewDb/
---
2014/08/22 04:51:14 [error] [exception.CHttpException.404] exception 'CHttpException' with message 'Unable to resolve the request "ie10-viewport-bug-workaround.js".' in K:\home\79a\www\framework\web\CWebApplication.php:286
Stack trace:
#0 K:\home\79a\www\framework\web\CWebApplication.php(141): CWebApplication->runController('ie10-viewport-b...')
#1 K:\home\79a\www\framework\base\CApplication.php(180): CWebApplication->processRequest()
#2 K:\home\79a\www\index.php(13): CApplication->run()
#3 {main}
REQUEST_URI=/ie10-viewport-bug-workaround.js
HTTP_REFERER=http://79a/NewDb/
---
2014/08/22 04:51:41 [error] [exception.CHttpException.404] exception 'CHttpException' with message 'Unable to resolve the request "ie10-viewport-bug-workaround.js".' in K:\home\79a\www\framework\web\CWebApplication.php:286
Stack trace:
#0 K:\home\79a\www\framework\web\CWebApplication.php(141): CWebApplication->runController('ie10-viewport-b...')
#1 K:\home\79a\www\framework\base\CApplication.php(180): CWebApplication->processRequest()
#2 K:\home\79a\www\index.php(13): CApplication->run()
#3 {main}
REQUEST_URI=/ie10-viewport-bug-workaround.js
HTTP_REFERER=http://79a/NewDb/
---
2014/08/22 04:52:20 [error] [exception.CHttpException.404] exception 'CHttpException' with message 'Unable to resolve the request "ie10-viewport-bug-workaround.js".' in K:\home\79a\www\framework\web\CWebApplication.php:286
Stack trace:
#0 K:\home\79a\www\framework\web\CWebApplication.php(141): CWebApplication->runController('ie10-viewport-b...')
#1 K:\home\79a\www\framework\base\CApplication.php(180): CWebApplication->processRequest()
#2 K:\home\79a\www\index.php(13): CApplication->run()
#3 {main}
REQUEST_URI=/ie10-viewport-bug-workaround.js
HTTP_REFERER=http://79a/NewDb/
---
2014/08/22 04:53:21 [error] [exception.CHttpException.404] exception 'CHttpException' with message 'Unable to resolve the request "ie10-viewport-bug-workaround.js".' in K:\home\79a\www\framework\web\CWebApplication.php:286
Stack trace:
#0 K:\home\79a\www\framework\web\CWebApplication.php(141): CWebApplication->runController('ie10-viewport-b...')
#1 K:\home\79a\www\framework\base\CApplication.php(180): CWebApplication->processRequest()
#2 K:\home\79a\www\index.php(13): CApplication->run()
#3 {main}
REQUEST_URI=/ie10-viewport-bug-workaround.js
HTTP_REFERER=http://79a/NewDb/
---
2014/08/22 04:55:00 [error] [exception.CHttpException.404] exception 'CHttpException' with message 'Unable to resolve the request "ie10-viewport-bug-workaround.js".' in K:\home\79a\www\framework\web\CWebApplication.php:286
Stack trace:
#0 K:\home\79a\www\framework\web\CWebApplication.php(141): CWebApplication->runController('ie10-viewport-b...')
#1 K:\home\79a\www\framework\base\CApplication.php(180): CWebApplication->processRequest()
#2 K:\home\79a\www\index.php(13): CApplication->run()
#3 {main}
REQUEST_URI=/ie10-viewport-bug-workaround.js
HTTP_REFERER=http://79a/NewDb/
---
2014/08/22 04:56:13 [error] [exception.CHttpException.404] exception 'CHttpException' with message 'Unable to resolve the request "ie10-viewport-bug-workaround.js".' in K:\home\79a\www\framework\web\CWebApplication.php:286
Stack trace:
#0 K:\home\79a\www\framework\web\CWebApplication.php(141): CWebApplication->runController('ie10-viewport-b...')
#1 K:\home\79a\www\framework\base\CApplication.php(180): CWebApplication->processRequest()
#2 K:\home\79a\www\index.php(13): CApplication->run()
#3 {main}
REQUEST_URI=/ie10-viewport-bug-workaround.js
HTTP_REFERER=http://79a/NewDb/
---
2014/08/22 04:58:20 [error] [exception.CHttpException.404] exception 'CHttpException' with message 'Unable to resolve the request "ie10-viewport-bug-workaround.js".' in K:\home\79a\www\framework\web\CWebApplication.php:286
Stack trace:
#0 K:\home\79a\www\framework\web\CWebApplication.php(141): CWebApplication->runController('ie10-viewport-b...')
#1 K:\home\79a\www\framework\base\CApplication.php(180): CWebApplication->processRequest()
#2 K:\home\79a\www\index.php(13): CApplication->run()
#3 {main}
REQUEST_URI=/ie10-viewport-bug-workaround.js
HTTP_REFERER=http://79a/NewDb/
---
2014/08/22 04:58:39 [error] [exception.CHttpException.404] exception 'CHttpException' with message 'Unable to resolve the request "ie10-viewport-bug-workaround.js".' in K:\home\79a\www\framework\web\CWebApplication.php:286
Stack trace:
#0 K:\home\79a\www\framework\web\CWebApplication.php(141): CWebApplication->runController('ie10-viewport-b...')
#1 K:\home\79a\www\framework\base\CApplication.php(180): CWebApplication->processRequest()
#2 K:\home\79a\www\index.php(13): CApplication->run()
#3 {main}
REQUEST_URI=/ie10-viewport-bug-workaround.js
HTTP_REFERER=http://79a/NewDb/
---
2014/08/22 05:04:32 [error] [exception.CHttpException.404] exception 'CHttpException' with message 'Unable to resolve the request "ie10-viewport-bug-workaround.js".' in K:\home\79a\www\framework\web\CWebApplication.php:286
Stack trace:
#0 K:\home\79a\www\framework\web\CWebApplication.php(141): CWebApplication->runController('ie10-viewport-b...')
#1 K:\home\79a\www\framework\base\CApplication.php(180): CWebApplication->processRequest()
#2 K:\home\79a\www\index.php(13): CApplication->run()
#3 {main}
REQUEST_URI=/ie10-viewport-bug-workaround.js
HTTP_REFERER=http://79a/NewDb/
---
2014/08/22 05:04:33 [error] [exception.CHttpException.404] exception 'CHttpException' with message 'Unable to resolve the request "ie10-viewport-bug-workaround.js".' in K:\home\79a\www\framework\web\CWebApplication.php:286
Stack trace:
#0 K:\home\79a\www\framework\web\CWebApplication.php(141): CWebApplication->runController('ie10-viewport-b...')
#1 K:\home\79a\www\framework\base\CApplication.php(180): CWebApplication->processRequest()
#2 K:\home\79a\www\index.php(13): CApplication->run()
#3 {main}
REQUEST_URI=/ie10-viewport-bug-workaround.js
HTTP_REFERER=http://79a/NewDb/
---
2014/08/22 05:04:55 [error] [exception.CHttpException.404] exception 'CHttpException' with message 'Unable to resolve the request "ie10-viewport-bug-workaround.js".' in K:\home\79a\www\framework\web\CWebApplication.php:286
Stack trace:
#0 K:\home\79a\www\framework\web\CWebApplication.php(141): CWebApplication->runController('ie10-viewport-b...')
#1 K:\home\79a\www\framework\base\CApplication.php(180): CWebApplication->processRequest()
#2 K:\home\79a\www\index.php(13): CApplication->run()
#3 {main}
REQUEST_URI=/ie10-viewport-bug-workaround.js
HTTP_REFERER=http://79a/NewDb/
---
2014/08/22 05:04:56 [error] [exception.CHttpException.404] exception 'CHttpException' with message 'Unable to resolve the request "Homeowners".' in K:\home\79a\www\framework\web\CWebApplication.php:286
Stack trace:
#0 K:\home\79a\www\framework\web\CWebApplication.php(141): CWebApplication->runController('Homeowners')
#1 K:\home\79a\www\framework\base\CApplication.php(180): CWebApplication->processRequest()
#2 K:\home\79a\www\index.php(13): CApplication->run()
#3 {main}
REQUEST_URI=/Homeowners
HTTP_REFERER=http://79a/NewDb/
---
2014/08/22 05:05:44 [error] [exception.CHttpException.404] exception 'CHttpException' with message 'Unable to resolve the request "ie10-viewport-bug-workaround.js".' in K:\home\79a\www\framework\web\CWebApplication.php:286
Stack trace:
#0 K:\home\79a\www\framework\web\CWebApplication.php(141): CWebApplication->runController('ie10-viewport-b...')
#1 K:\home\79a\www\framework\base\CApplication.php(180): CWebApplication->processRequest()
#2 K:\home\79a\www\index.php(13): CApplication->run()
#3 {main}
REQUEST_URI=/ie10-viewport-bug-workaround.js
HTTP_REFERER=http://79a/NewDb/
---
2014/08/22 05:05:45 [error] [exception.CHttpException.404] exception 'CHttpException' with message 'Unable to resolve the request "Homeowners".' in K:\home\79a\www\framework\web\CWebApplication.php:286
Stack trace:
#0 K:\home\79a\www\framework\web\CWebApplication.php(141): CWebApplication->runController('Homeowners')
#1 K:\home\79a\www\framework\base\CApplication.php(180): CWebApplication->processRequest()
#2 K:\home\79a\www\index.php(13): CApplication->run()
#3 {main}
REQUEST_URI=/Homeowners
HTTP_REFERER=http://79a/NewDb/
---
2014/08/22 05:06:05 [error] [exception.CHttpException.404] exception 'CHttpException' with message 'Unable to resolve the request "ie10-viewport-bug-workaround.js".' in K:\home\79a\www\framework\web\CWebApplication.php:286
Stack trace:
#0 K:\home\79a\www\framework\web\CWebApplication.php(141): CWebApplication->runController('ie10-viewport-b...')
#1 K:\home\79a\www\framework\base\CApplication.php(180): CWebApplication->processRequest()
#2 K:\home\79a\www\index.php(13): CApplication->run()
#3 {main}
REQUEST_URI=/ie10-viewport-bug-workaround.js
HTTP_REFERER=http://79a/NewDb/
---
2014/08/22 05:07:08 [error] [exception.CHttpException.404] exception 'CHttpException' with message 'Unable to resolve the request "ie10-viewport-bug-workaround.js".' in K:\home\79a\www\framework\web\CWebApplication.php:286
Stack trace:
#0 K:\home\79a\www\framework\web\CWebApplication.php(141): CWebApplication->runController('ie10-viewport-b...')
#1 K:\home\79a\www\framework\base\CApplication.php(180): CWebApplication->processRequest()
#2 K:\home\79a\www\index.php(13): CApplication->run()
#3 {main}
REQUEST_URI=/ie10-viewport-bug-workaround.js
HTTP_REFERER=http://79a/NewDb/
---
2014/08/22 05:07:19 [error] [exception.CHttpException.404] exception 'CHttpException' with message 'Unable to resolve the request "ie10-viewport-bug-workaround.js".' in K:\home\79a\www\framework\web\CWebApplication.php:286
Stack trace:
#0 K:\home\79a\www\framework\web\CWebApplication.php(141): CWebApplication->runController('ie10-viewport-b...')
#1 K:\home\79a\www\framework\base\CApplication.php(180): CWebApplication->processRequest()
#2 K:\home\79a\www\index.php(13): CApplication->run()
#3 {main}
REQUEST_URI=/ie10-viewport-bug-workaround.js
HTTP_REFERER=http://79a/NewDb/
---
2014/08/22 05:07:36 [error] [exception.CHttpException.404] exception 'CHttpException' with message 'Unable to resolve the request "ie10-viewport-bug-workaround.js".' in K:\home\79a\www\framework\web\CWebApplication.php:286
Stack trace:
#0 K:\home\79a\www\framework\web\CWebApplication.php(141): CWebApplication->runController('ie10-viewport-b...')
#1 K:\home\79a\www\framework\base\CApplication.php(180): CWebApplication->processRequest()
#2 K:\home\79a\www\index.php(13): CApplication->run()
#3 {main}
REQUEST_URI=/ie10-viewport-bug-workaround.js
HTTP_REFERER=http://79a/NewDb/
---
2014/08/22 05:08:09 [error] [exception.CHttpException.404] exception 'CHttpException' with message 'Unable to resolve the request "ie10-viewport-bug-workaround.js".' in K:\home\79a\www\framework\web\CWebApplication.php:286
Stack trace:
#0 K:\home\79a\www\framework\web\CWebApplication.php(141): CWebApplication->runController('ie10-viewport-b...')
#1 K:\home\79a\www\framework\base\CApplication.php(180): CWebApplication->processRequest()
#2 K:\home\79a\www\index.php(13): CApplication->run()
#3 {main}
REQUEST_URI=/ie10-viewport-bug-workaround.js
HTTP_REFERER=http://79a/NewDb/
---
2014/08/22 05:08:34 [error] [exception.CHttpException.404] exception 'CHttpException' with message 'Unable to resolve the request "ie10-viewport-bug-workaround.js".' in K:\home\79a\www\framework\web\CWebApplication.php:286
Stack trace:
#0 K:\home\79a\www\framework\web\CWebApplication.php(141): CWebApplication->runController('ie10-viewport-b...')
#1 K:\home\79a\www\framework\base\CApplication.php(180): CWebApplication->processRequest()
#2 K:\home\79a\www\index.php(13): CApplication->run()
#3 {main}
REQUEST_URI=/ie10-viewport-bug-workaround.js
HTTP_REFERER=http://79a/NewDb/
---
2014/08/22 05:08:35 [error] [exception.CHttpException.404] exception 'CHttpException' with message 'Unable to resolve the request "Homeowners".' in K:\home\79a\www\framework\web\CWebApplication.php:286
Stack trace:
#0 K:\home\79a\www\framework\web\CWebApplication.php(141): CWebApplication->runController('Homeowners')
#1 K:\home\79a\www\framework\base\CApplication.php(180): CWebApplication->processRequest()
#2 K:\home\79a\www\index.php(13): CApplication->run()
#3 {main}
REQUEST_URI=/Homeowners
HTTP_REFERER=http://79a/NewDb/
---
2014/08/22 05:09:10 [error] [exception.CHttpException.404] exception 'CHttpException' with message 'Unable to resolve the request "ie10-viewport-bug-workaround.js".' in K:\home\79a\www\framework\web\CWebApplication.php:286
Stack trace:
#0 K:\home\79a\www\framework\web\CWebApplication.php(141): CWebApplication->runController('ie10-viewport-b...')
#1 K:\home\79a\www\framework\base\CApplication.php(180): CWebApplication->processRequest()
#2 K:\home\79a\www\index.php(13): CApplication->run()
#3 {main}
REQUEST_URI=/ie10-viewport-bug-workaround.js
HTTP_REFERER=http://79a/NewDb/
---
2014/08/22 05:09:11 [error] [exception.CHttpException.404] exception 'CHttpException' with message 'Unable to resolve the request "Homeowners".' in K:\home\79a\www\framework\web\CWebApplication.php:286
Stack trace:
#0 K:\home\79a\www\framework\web\CWebApplication.php(141): CWebApplication->runController('Homeowners')
#1 K:\home\79a\www\framework\base\CApplication.php(180): CWebApplication->processRequest()
#2 K:\home\79a\www\index.php(13): CApplication->run()
#3 {main}
REQUEST_URI=/Homeowners
HTTP_REFERER=http://79a/NewDb/
---
2014/08/22 05:09:21 [error] [exception.CHttpException.404] exception 'CHttpException' with message 'Unable to resolve the request "ie10-viewport-bug-workaround.js".' in K:\home\79a\www\framework\web\CWebApplication.php:286
Stack trace:
#0 K:\home\79a\www\framework\web\CWebApplication.php(141): CWebApplication->runController('ie10-viewport-b...')
#1 K:\home\79a\www\framework\base\CApplication.php(180): CWebApplication->processRequest()
#2 K:\home\79a\www\index.php(13): CApplication->run()
#3 {main}
REQUEST_URI=/ie10-viewport-bug-workaround.js
HTTP_REFERER=http://79a/NewDb/
---
2014/08/22 05:09:21 [error] [exception.CHttpException.404] exception 'CHttpException' with message 'Unable to resolve the request "Homeowners".' in K:\home\79a\www\framework\web\CWebApplication.php:286
Stack trace:
#0 K:\home\79a\www\framework\web\CWebApplication.php(141): CWebApplication->runController('Homeowners')
#1 K:\home\79a\www\framework\base\CApplication.php(180): CWebApplication->processRequest()
#2 K:\home\79a\www\index.php(13): CApplication->run()
#3 {main}
REQUEST_URI=/Homeowners
HTTP_REFERER=http://79a/NewDb/
---
2014/08/22 05:09:40 [error] [exception.CHttpException.404] exception 'CHttpException' with message 'Unable to resolve the request "ie10-viewport-bug-workaround.js".' in K:\home\79a\www\framework\web\CWebApplication.php:286
Stack trace:
#0 K:\home\79a\www\framework\web\CWebApplication.php(141): CWebApplication->runController('ie10-viewport-b...')
#1 K:\home\79a\www\framework\base\CApplication.php(180): CWebApplication->processRequest()
#2 K:\home\79a\www\index.php(13): CApplication->run()
#3 {main}
REQUEST_URI=/ie10-viewport-bug-workaround.js
HTTP_REFERER=http://79a/NewDb/
---
2014/08/22 05:09:41 [error] [exception.CHttpException.404] exception 'CHttpException' with message 'Unable to resolve the request "Homeowners".' in K:\home\79a\www\framework\web\CWebApplication.php:286
Stack trace:
#0 K:\home\79a\www\framework\web\CWebApplication.php(141): CWebApplication->runController('Homeowners')
#1 K:\home\79a\www\framework\base\CApplication.php(180): CWebApplication->processRequest()
#2 K:\home\79a\www\index.php(13): CApplication->run()
#3 {main}
REQUEST_URI=/Homeowners
HTTP_REFERER=http://79a/NewDb/
---
2014/08/22 05:10:02 [error] [exception.CHttpException.404] exception 'CHttpException' with message 'Unable to resolve the request "ie10-viewport-bug-workaround.js".' in K:\home\79a\www\framework\web\CWebApplication.php:286
Stack trace:
#0 K:\home\79a\www\framework\web\CWebApplication.php(141): CWebApplication->runController('ie10-viewport-b...')
#1 K:\home\79a\www\framework\base\CApplication.php(180): CWebApplication->processRequest()
#2 K:\home\79a\www\index.php(13): CApplication->run()
#3 {main}
REQUEST_URI=/ie10-viewport-bug-workaround.js
HTTP_REFERER=http://79a/NewDb/
---
2014/08/22 05:10:03 [error] [exception.CHttpException.404] exception 'CHttpException' with message 'Unable to resolve the request "Homeowners".' in K:\home\79a\www\framework\web\CWebApplication.php:286
Stack trace:
#0 K:\home\79a\www\framework\web\CWebApplication.php(141): CWebApplication->runController('Homeowners')
#1 K:\home\79a\www\framework\base\CApplication.php(180): CWebApplication->processRequest()
#2 K:\home\79a\www\index.php(13): CApplication->run()
#3 {main}
REQUEST_URI=/Homeowners
HTTP_REFERER=http://79a/NewDb/
---
2014/08/22 05:10:05 [error] [exception.CHttpException.404] exception 'CHttpException' with message 'Unable to resolve the request "Homeowners".' in K:\home\79a\www\framework\web\CWebApplication.php:286
Stack trace:
#0 K:\home\79a\www\framework\web\CWebApplication.php(141): CWebApplication->runController('Homeowners')
#1 K:\home\79a\www\framework\base\CApplication.php(180): CWebApplication->processRequest()
#2 K:\home\79a\www\index.php(13): CApplication->run()
#3 {main}
REQUEST_URI=/Homeowners
HTTP_REFERER=http://79a/NewDb/
---
2014/08/22 05:10:14 [error] [exception.CHttpException.404] exception 'CHttpException' with message 'Unable to resolve the request "ie10-viewport-bug-workaround.js".' in K:\home\79a\www\framework\web\CWebApplication.php:286
Stack trace:
#0 K:\home\79a\www\framework\web\CWebApplication.php(141): CWebApplication->runController('ie10-viewport-b...')
#1 K:\home\79a\www\framework\base\CApplication.php(180): CWebApplication->processRequest()
#2 K:\home\79a\www\index.php(13): CApplication->run()
#3 {main}
REQUEST_URI=/ie10-viewport-bug-workaround.js
HTTP_REFERER=http://79a/NewDb/
---
2014/08/22 05:10:15 [error] [exception.CHttpException.404] exception 'CHttpException' with message 'Unable to resolve the request "Homeowners".' in K:\home\79a\www\framework\web\CWebApplication.php:286
Stack trace:
#0 K:\home\79a\www\framework\web\CWebApplication.php(141): CWebApplication->runController('Homeowners')
#1 K:\home\79a\www\framework\base\CApplication.php(180): CWebApplication->processRequest()
#2 K:\home\79a\www\index.php(13): CApplication->run()
#3 {main}
REQUEST_URI=/Homeowners
HTTP_REFERER=http://79a/NewDb/
---
2014/08/22 05:10:26 [error] [exception.CHttpException.404] exception 'CHttpException' with message 'Unable to resolve the request "ie10-viewport-bug-workaround.js".' in K:\home\79a\www\framework\web\CWebApplication.php:286
Stack trace:
#0 K:\home\79a\www\framework\web\CWebApplication.php(141): CWebApplication->runController('ie10-viewport-b...')
#1 K:\home\79a\www\framework\base\CApplication.php(180): CWebApplication->processRequest()
#2 K:\home\79a\www\index.php(13): CApplication->run()
#3 {main}
REQUEST_URI=/ie10-viewport-bug-workaround.js
HTTP_REFERER=http://79a/NewDb/
---
2014/08/22 05:10:27 [error] [exception.CHttpException.404] exception 'CHttpException' with message 'Unable to resolve the request "Homeowners".' in K:\home\79a\www\framework\web\CWebApplication.php:286
Stack trace:
#0 K:\home\79a\www\framework\web\CWebApplication.php(141): CWebApplication->runController('Homeowners')
#1 K:\home\79a\www\framework\base\CApplication.php(180): CWebApplication->processRequest()
#2 K:\home\79a\www\index.php(13): CApplication->run()
#3 {main}
REQUEST_URI=/Homeowners
HTTP_REFERER=http://79a/NewDb/
---
2014/08/22 05:11:41 [error] [exception.CHttpException.404] exception 'CHttpException' with message 'Unable to resolve the request "ie10-viewport-bug-workaround.js".' in K:\home\79a\www\framework\web\CWebApplication.php:286
Stack trace:
#0 K:\home\79a\www\framework\web\CWebApplication.php(141): CWebApplication->runController('ie10-viewport-b...')
#1 K:\home\79a\www\framework\base\CApplication.php(180): CWebApplication->processRequest()
#2 K:\home\79a\www\index.php(13): CApplication->run()
#3 {main}
REQUEST_URI=/ie10-viewport-bug-workaround.js
HTTP_REFERER=http://79a/NewDb/
---
2014/08/22 05:11:42 [error] [exception.CHttpException.404] exception 'CHttpException' with message 'Unable to resolve the request "ie10-viewport-bug-workaround.js".' in K:\home\79a\www\framework\web\CWebApplication.php:286
Stack trace:
#0 K:\home\79a\www\framework\web\CWebApplication.php(141): CWebApplication->runController('ie10-viewport-b...')
#1 K:\home\79a\www\framework\base\CApplication.php(180): CWebApplication->processRequest()
#2 K:\home\79a\www\index.php(13): CApplication->run()
#3 {main}
REQUEST_URI=/ie10-viewport-bug-workaround.js
HTTP_REFERER=http://79a/NewDb/
---
2014/08/22 05:11:43 [error] [exception.CHttpException.404] exception 'CHttpException' with message 'Unable to resolve the request "Homeowners".' in K:\home\79a\www\framework\web\CWebApplication.php:286
Stack trace:
#0 K:\home\79a\www\framework\web\CWebApplication.php(141): CWebApplication->runController('Homeowners')
#1 K:\home\79a\www\framework\base\CApplication.php(180): CWebApplication->processRequest()
#2 K:\home\79a\www\index.php(13): CApplication->run()
#3 {main}
REQUEST_URI=/Homeowners
HTTP_REFERER=http://79a/NewDb/
---
2014/08/22 05:12:52 [error] [exception.CHttpException.404] exception 'CHttpException' with message 'Unable to resolve the request "ie10-viewport-bug-workaround.js".' in K:\home\79a\www\framework\web\CWebApplication.php:286
Stack trace:
#0 K:\home\79a\www\framework\web\CWebApplication.php(141): CWebApplication->runController('ie10-viewport-b...')
#1 K:\home\79a\www\framework\base\CApplication.php(180): CWebApplication->processRequest()
#2 K:\home\79a\www\index.php(13): CApplication->run()
#3 {main}
REQUEST_URI=/ie10-viewport-bug-workaround.js
HTTP_REFERER=http://79a/NewDb/
---
2014/08/22 05:12:52 [error] [exception.CHttpException.404] exception 'CHttpException' with message 'Unable to resolve the request "Homeowners".' in K:\home\79a\www\framework\web\CWebApplication.php:286
Stack trace:
#0 K:\home\79a\www\framework\web\CWebApplication.php(141): CWebApplication->runController('Homeowners')
#1 K:\home\79a\www\framework\base\CApplication.php(180): CWebApplication->processRequest()
#2 K:\home\79a\www\index.php(13): CApplication->run()
#3 {main}
REQUEST_URI=/Homeowners
HTTP_REFERER=http://79a/NewDb/
---
2014/08/22 05:14:28 [error] [exception.CHttpException.404] exception 'CHttpException' with message 'Unable to resolve the request "ie10-viewport-bug-workaround.js".' in K:\home\79a\www\framework\web\CWebApplication.php:286
Stack trace:
#0 K:\home\79a\www\framework\web\CWebApplication.php(141): CWebApplication->runController('ie10-viewport-b...')
#1 K:\home\79a\www\framework\base\CApplication.php(180): CWebApplication->processRequest()
#2 K:\home\79a\www\index.php(13): CApplication->run()
#3 {main}
REQUEST_URI=/ie10-viewport-bug-workaround.js
HTTP_REFERER=http://79a/NewDb/
---
2014/08/22 05:14:29 [error] [exception.CHttpException.404] exception 'CHttpException' with message 'Unable to resolve the request "Homeowners".' in K:\home\79a\www\framework\web\CWebApplication.php:286
Stack trace:
#0 K:\home\79a\www\framework\web\CWebApplication.php(141): CWebApplication->runController('Homeowners')
#1 K:\home\79a\www\framework\base\CApplication.php(180): CWebApplication->processRequest()
#2 K:\home\79a\www\index.php(13): CApplication->run()
#3 {main}
REQUEST_URI=/Homeowners
HTTP_REFERER=http://79a/NewDb/
---
2014/08/22 05:16:23 [error] [exception.CHttpException.404] exception 'CHttpException' with message 'Unable to resolve the request "ie10-viewport-bug-workaround.js".' in K:\home\79a\www\framework\web\CWebApplication.php:286
Stack trace:
#0 K:\home\79a\www\framework\web\CWebApplication.php(141): CWebApplication->runController('ie10-viewport-b...')
#1 K:\home\79a\www\framework\base\CApplication.php(180): CWebApplication->processRequest()
#2 K:\home\79a\www\index.php(13): CApplication->run()
#3 {main}
REQUEST_URI=/ie10-viewport-bug-workaround.js
HTTP_REFERER=http://79a/NewDb/
---
2014/08/22 05:16:23 [error] [exception.CHttpException.404] exception 'CHttpException' with message 'Unable to resolve the request "ie10-viewport-bug-workaround.js".' in K:\home\79a\www\framework\web\CWebApplication.php:286
Stack trace:
#0 K:\home\79a\www\framework\web\CWebApplication.php(141): CWebApplication->runController('ie10-viewport-b...')
#1 K:\home\79a\www\framework\base\CApplication.php(180): CWebApplication->processRequest()
#2 K:\home\79a\www\index.php(13): CApplication->run()
#3 {main}
REQUEST_URI=/ie10-viewport-bug-workaround.js
HTTP_REFERER=http://79a/NewDb/
---
2014/08/22 05:16:24 [error] [exception.CHttpException.404] exception 'CHttpException' with message 'Unable to resolve the request "Homeowners".' in K:\home\79a\www\framework\web\CWebApplication.php:286
Stack trace:
#0 K:\home\79a\www\framework\web\CWebApplication.php(141): CWebApplication->runController('Homeowners')
#1 K:\home\79a\www\framework\base\CApplication.php(180): CWebApplication->processRequest()
#2 K:\home\79a\www\index.php(13): CApplication->run()
#3 {main}
REQUEST_URI=/Homeowners
HTTP_REFERER=http://79a/NewDb/
---
2014/08/22 05:17:07 [error] [exception.CHttpException.404] exception 'CHttpException' with message 'Unable to resolve the request "ie10-viewport-bug-workaround.js".' in K:\home\79a\www\framework\web\CWebApplication.php:286
Stack trace:
#0 K:\home\79a\www\framework\web\CWebApplication.php(141): CWebApplication->runController('ie10-viewport-b...')
#1 K:\home\79a\www\framework\base\CApplication.php(180): CWebApplication->processRequest()
#2 K:\home\79a\www\index.php(13): CApplication->run()
#3 {main}
REQUEST_URI=/ie10-viewport-bug-workaround.js
HTTP_REFERER=http://79a/NewDb/
---
2014/08/22 05:17:08 [error] [exception.CHttpException.404] exception 'CHttpException' with message 'Unable to resolve the request "Homeowners".' in K:\home\79a\www\framework\web\CWebApplication.php:286
Stack trace:
#0 K:\home\79a\www\framework\web\CWebApplication.php(141): CWebApplication->runController('Homeowners')
#1 K:\home\79a\www\framework\base\CApplication.php(180): CWebApplication->processRequest()
#2 K:\home\79a\www\index.php(13): CApplication->run()
#3 {main}
REQUEST_URI=/Homeowners
HTTP_REFERER=http://79a/NewDb/
---
2014/08/22 05:24:43 [error] [exception.CHttpException.404] exception 'CHttpException' with message 'Unable to resolve the request "ie10-viewport-bug-workaround.js".' in K:\home\79a\www\framework\web\CWebApplication.php:286
Stack trace:
#0 K:\home\79a\www\framework\web\CWebApplication.php(141): CWebApplication->runController('ie10-viewport-b...')
#1 K:\home\79a\www\framework\base\CApplication.php(180): CWebApplication->processRequest()
#2 K:\home\79a\www\index.php(13): CApplication->run()
#3 {main}
REQUEST_URI=/ie10-viewport-bug-workaround.js
HTTP_REFERER=http://79a/NewDb/
---
2014/08/22 05:24:43 [error] [exception.CHttpException.404] exception 'CHttpException' with message 'Unable to resolve the request "ie10-viewport-bug-workaround.js".' in K:\home\79a\www\framework\web\CWebApplication.php:286
Stack trace:
#0 K:\home\79a\www\framework\web\CWebApplication.php(141): CWebApplication->runController('ie10-viewport-b...')
#1 K:\home\79a\www\framework\base\CApplication.php(180): CWebApplication->processRequest()
#2 K:\home\79a\www\index.php(13): CApplication->run()
#3 {main}
REQUEST_URI=/ie10-viewport-bug-workaround.js
HTTP_REFERER=http://79a/NewDb/
---
2014/08/22 05:24:44 [error] [exception.CHttpException.404] exception 'CHttpException' with message 'Unable to resolve the request "Homeowners".' in K:\home\79a\www\framework\web\CWebApplication.php:286
Stack trace:
#0 K:\home\79a\www\framework\web\CWebApplication.php(141): CWebApplication->runController('Homeowners')
#1 K:\home\79a\www\framework\base\CApplication.php(180): CWebApplication->processRequest()
#2 K:\home\79a\www\index.php(13): CApplication->run()
#3 {main}
REQUEST_URI=/Homeowners
HTTP_REFERER=http://79a/NewDb/
---
2014/08/22 05:24:54 [error] [exception.CHttpException.404] exception 'CHttpException' with message 'Unable to resolve the request "ie10-viewport-bug-workaround.js".' in K:\home\79a\www\framework\web\CWebApplication.php:286
Stack trace:
#0 K:\home\79a\www\framework\web\CWebApplication.php(141): CWebApplication->runController('ie10-viewport-b...')
#1 K:\home\79a\www\framework\base\CApplication.php(180): CWebApplication->processRequest()
#2 K:\home\79a\www\index.php(13): CApplication->run()
#3 {main}
REQUEST_URI=/ie10-viewport-bug-workaround.js
HTTP_REFERER=http://79a/NewDb/
---
2014/08/22 05:24:55 [error] [exception.CHttpException.404] exception 'CHttpException' with message 'Unable to resolve the request "Homeowners".' in K:\home\79a\www\framework\web\CWebApplication.php:286
Stack trace:
#0 K:\home\79a\www\framework\web\CWebApplication.php(141): CWebApplication->runController('Homeowners')
#1 K:\home\79a\www\framework\base\CApplication.php(180): CWebApplication->processRequest()
#2 K:\home\79a\www\index.php(13): CApplication->run()
#3 {main}
REQUEST_URI=/Homeowners
HTTP_REFERER=http://79a/NewDb/
---
2014/08/22 05:26:03 [error] [exception.CHttpException.404] exception 'CHttpException' with message 'Unable to resolve the request "ie10-viewport-bug-workaround.js".' in K:\home\79a\www\framework\web\CWebApplication.php:286
Stack trace:
#0 K:\home\79a\www\framework\web\CWebApplication.php(141): CWebApplication->runController('ie10-viewport-b...')
#1 K:\home\79a\www\framework\base\CApplication.php(180): CWebApplication->processRequest()
#2 K:\home\79a\www\index.php(13): CApplication->run()
#3 {main}
REQUEST_URI=/ie10-viewport-bug-workaround.js
HTTP_REFERER=http://79a/NewDb/
---
2014/08/22 05:26:28 [error] [exception.CHttpException.404] exception 'CHttpException' with message 'Unable to resolve the request "ie10-viewport-bug-workaround.js".' in K:\home\79a\www\framework\web\CWebApplication.php:286
Stack trace:
#0 K:\home\79a\www\framework\web\CWebApplication.php(141): CWebApplication->runController('ie10-viewport-b...')
#1 K:\home\79a\www\framework\base\CApplication.php(180): CWebApplication->processRequest()
#2 K:\home\79a\www\index.php(13): CApplication->run()
#3 {main}
REQUEST_URI=/ie10-viewport-bug-workaround.js
HTTP_REFERER=http://79a/NewDb/
---
2014/08/22 05:26:29 [error] [exception.CHttpException.404] exception 'CHttpException' with message 'Unable to resolve the request "Homeowners".' in K:\home\79a\www\framework\web\CWebApplication.php:286
Stack trace:
#0 K:\home\79a\www\framework\web\CWebApplication.php(141): CWebApplication->runController('Homeowners')
#1 K:\home\79a\www\framework\base\CApplication.php(180): CWebApplication->processRequest()
#2 K:\home\79a\www\index.php(13): CApplication->run()
#3 {main}
REQUEST_URI=/Homeowners
HTTP_REFERER=http://79a/NewDb/
---
2014/08/22 05:27:20 [error] [exception.CHttpException.404] exception 'CHttpException' with message 'Unable to resolve the request "ie10-viewport-bug-workaround.js".' in K:\home\79a\www\framework\web\CWebApplication.php:286
Stack trace:
#0 K:\home\79a\www\framework\web\CWebApplication.php(141): CWebApplication->runController('ie10-viewport-b...')
#1 K:\home\79a\www\framework\base\CApplication.php(180): CWebApplication->processRequest()
#2 K:\home\79a\www\index.php(13): CApplication->run()
#3 {main}
REQUEST_URI=/ie10-viewport-bug-workaround.js
HTTP_REFERER=http://79a/NewDb/
---
2014/08/22 05:27:21 [error] [exception.CHttpException.404] exception 'CHttpException' with message 'Unable to resolve the request "Homeowners".' in K:\home\79a\www\framework\web\CWebApplication.php:286
Stack trace:
#0 K:\home\79a\www\framework\web\CWebApplication.php(141): CWebApplication->runController('Homeowners')
#1 K:\home\79a\www\framework\base\CApplication.php(180): CWebApplication->processRequest()
#2 K:\home\79a\www\index.php(13): CApplication->run()
#3 {main}
REQUEST_URI=/Homeowners
HTTP_REFERER=http://79a/NewDb/
---
2014/08/22 05:27:39 [error] [exception.CHttpException.404] exception 'CHttpException' with message 'Unable to resolve the request "ie10-viewport-bug-workaround.js".' in K:\home\79a\www\framework\web\CWebApplication.php:286
Stack trace:
#0 K:\home\79a\www\framework\web\CWebApplication.php(141): CWebApplication->runController('ie10-viewport-b...')
#1 K:\home\79a\www\framework\base\CApplication.php(180): CWebApplication->processRequest()
#2 K:\home\79a\www\index.php(13): CApplication->run()
#3 {main}
REQUEST_URI=/ie10-viewport-bug-workaround.js
HTTP_REFERER=http://79a/NewDb/
---
2014/08/22 05:28:03 [error] [exception.CHttpException.404] exception 'CHttpException' with message 'Unable to resolve the request "ie10-viewport-bug-workaround.js".' in K:\home\79a\www\framework\web\CWebApplication.php:286
Stack trace:
#0 K:\home\79a\www\framework\web\CWebApplication.php(141): CWebApplication->runController('ie10-viewport-b...')
#1 K:\home\79a\www\framework\base\CApplication.php(180): CWebApplication->processRequest()
#2 K:\home\79a\www\index.php(13): CApplication->run()
#3 {main}
REQUEST_URI=/ie10-viewport-bug-workaround.js
HTTP_REFERER=http://79a/NewDb/
---
2014/08/22 05:28:03 [error] [exception.CHttpException.404] exception 'CHttpException' with message 'Unable to resolve the request "ie10-viewport-bug-workaround.js".' in K:\home\79a\www\framework\web\CWebApplication.php:286
Stack trace:
#0 K:\home\79a\www\framework\web\CWebApplication.php(141): CWebApplication->runController('ie10-viewport-b...')
#1 K:\home\79a\www\framework\base\CApplication.php(180): CWebApplication->processRequest()
#2 K:\home\79a\www\index.php(13): CApplication->run()
#3 {main}
REQUEST_URI=/ie10-viewport-bug-workaround.js
HTTP_REFERER=http://79a/NewDb/
---
2014/08/22 05:29:19 [error] [exception.CHttpException.404] exception 'CHttpException' with message 'Unable to resolve the request "ie10-viewport-bug-workaround.js".' in K:\home\79a\www\framework\web\CWebApplication.php:286
Stack trace:
#0 K:\home\79a\www\framework\web\CWebApplication.php(141): CWebApplication->runController('ie10-viewport-b...')
#1 K:\home\79a\www\framework\base\CApplication.php(180): CWebApplication->processRequest()
#2 K:\home\79a\www\index.php(13): CApplication->run()
#3 {main}
REQUEST_URI=/ie10-viewport-bug-workaround.js
HTTP_REFERER=http://79a/NewDb/
---
2014/08/22 05:29:19 [error] [exception.CHttpException.404] exception 'CHttpException' with message 'Unable to resolve the request "ie10-viewport-bug-workaround.js".' in K:\home\79a\www\framework\web\CWebApplication.php:286
Stack trace:
#0 K:\home\79a\www\framework\web\CWebApplication.php(141): CWebApplication->runController('ie10-viewport-b...')
#1 K:\home\79a\www\framework\base\CApplication.php(180): CWebApplication->processRequest()
#2 K:\home\79a\www\index.php(13): CApplication->run()
#3 {main}
REQUEST_URI=/ie10-viewport-bug-workaround.js
HTTP_REFERER=http://79a/NewDb/
---
2014/08/22 05:29:49 [error] [exception.CHttpException.404] exception 'CHttpException' with message 'Unable to resolve the request "ie10-viewport-bug-workaround.js".' in K:\home\79a\www\framework\web\CWebApplication.php:286
Stack trace:
#0 K:\home\79a\www\framework\web\CWebApplication.php(141): CWebApplication->runController('ie10-viewport-b...')
#1 K:\home\79a\www\framework\base\CApplication.php(180): CWebApplication->processRequest()
#2 K:\home\79a\www\index.php(13): CApplication->run()
#3 {main}
REQUEST_URI=/ie10-viewport-bug-workaround.js
HTTP_REFERER=http://79a/NewDb/
---
2014/08/22 05:30:27 [error] [exception.CHttpException.404] exception 'CHttpException' with message 'Unable to resolve the request "ie10-viewport-bug-workaround.js".' in K:\home\79a\www\framework\web\CWebApplication.php:286
Stack trace:
#0 K:\home\79a\www\framework\web\CWebApplication.php(141): CWebApplication->runController('ie10-viewport-b...')
#1 K:\home\79a\www\framework\base\CApplication.php(180): CWebApplication->processRequest()
#2 K:\home\79a\www\index.php(13): CApplication->run()
#3 {main}
REQUEST_URI=/ie10-viewport-bug-workaround.js
HTTP_REFERER=http://79a/NewDb/
---
2014/08/22 05:31:32 [error] [exception.CHttpException.404] exception 'CHttpException' with message 'Unable to resolve the request "ie10-viewport-bug-workaround.js".' in K:\home\79a\www\framework\web\CWebApplication.php:286
Stack trace:
#0 K:\home\79a\www\framework\web\CWebApplication.php(141): CWebApplication->runController('ie10-viewport-b...')
#1 K:\home\79a\www\framework\base\CApplication.php(180): CWebApplication->processRequest()
#2 K:\home\79a\www\index.php(13): CApplication->run()
#3 {main}
REQUEST_URI=/ie10-viewport-bug-workaround.js
HTTP_REFERER=http://79a/
---
2014/08/22 05:34:51 [error] [exception.CHttpException.404] exception 'CHttpException' with message 'Unable to resolve the request "ie10-viewport-bug-workaround.js".' in K:\home\79a\www\framework\web\CWebApplication.php:286
Stack trace:
#0 K:\home\79a\www\framework\web\CWebApplication.php(141): CWebApplication->runController('ie10-viewport-b...')
#1 K:\home\79a\www\framework\base\CApplication.php(180): CWebApplication->processRequest()
#2 K:\home\79a\www\index.php(13): CApplication->run()
#3 {main}
REQUEST_URI=/ie10-viewport-bug-workaround.js
HTTP_REFERER=http://79a/
---
2014/08/22 05:34:51 [error] [exception.CHttpException.404] exception 'CHttpException' with message 'Unable to resolve the request "ie10-viewport-bug-workaround.js".' in K:\home\79a\www\framework\web\CWebApplication.php:286
Stack trace:
#0 K:\home\79a\www\framework\web\CWebApplication.php(141): CWebApplication->runController('ie10-viewport-b...')
#1 K:\home\79a\www\framework\base\CApplication.php(180): CWebApplication->processRequest()
#2 K:\home\79a\www\index.php(13): CApplication->run()
#3 {main}
REQUEST_URI=/ie10-viewport-bug-workaround.js
HTTP_REFERER=http://79a/
---
2014/08/22 05:35:17 [error] [exception.CHttpException.404] exception 'CHttpException' with message 'Unable to resolve the request "ie10-viewport-bug-workaround.js".' in K:\home\79a\www\framework\web\CWebApplication.php:286
Stack trace:
#0 K:\home\79a\www\framework\web\CWebApplication.php(141): CWebApplication->runController('ie10-viewport-b...')
#1 K:\home\79a\www\framework\base\CApplication.php(180): CWebApplication->processRequest()
#2 K:\home\79a\www\index.php(13): CApplication->run()
#3 {main}
REQUEST_URI=/ie10-viewport-bug-workaround.js
HTTP_REFERER=http://79a/
---
2014/08/22 05:35:17 [error] [exception.CHttpException.404] exception 'CHttpException' with message 'Unable to resolve the request "ie10-viewport-bug-workaround.js".' in K:\home\79a\www\framework\web\CWebApplication.php:286
Stack trace:
#0 K:\home\79a\www\framework\web\CWebApplication.php(141): CWebApplication->runController('ie10-viewport-b...')
#1 K:\home\79a\www\framework\base\CApplication.php(180): CWebApplication->processRequest()
#2 K:\home\79a\www\index.php(13): CApplication->run()
#3 {main}
REQUEST_URI=/ie10-viewport-bug-workaround.js
HTTP_REFERER=http://79a/
---
2014/08/22 05:35:19 [error] [exception.CHttpException.404] exception 'CHttpException' with message 'Unable to resolve the request "ie10-viewport-bug-workaround.js".' in K:\home\79a\www\framework\web\CWebApplication.php:286
Stack trace:
#0 K:\home\79a\www\framework\web\CWebApplication.php(141): CWebApplication->runController('ie10-viewport-b...')
#1 K:\home\79a\www\framework\base\CApplication.php(180): CWebApplication->processRequest()
#2 K:\home\79a\www\index.php(13): CApplication->run()
#3 {main}
REQUEST_URI=/ie10-viewport-bug-workaround.js
HTTP_REFERER=http://79a/
---
2014/08/22 05:36:28 [error] [exception.CHttpException.404] exception 'CHttpException' with message 'Unable to resolve the request "ie10-viewport-bug-workaround.js".' in K:\home\79a\www\framework\web\CWebApplication.php:286
Stack trace:
#0 K:\home\79a\www\framework\web\CWebApplication.php(141): CWebApplication->runController('ie10-viewport-b...')
#1 K:\home\79a\www\framework\base\CApplication.php(180): CWebApplication->processRequest()
#2 K:\home\79a\www\index.php(13): CApplication->run()
#3 {main}
REQUEST_URI=/ie10-viewport-bug-workaround.js
HTTP_REFERER=http://79a/
---
2014/08/22 05:36:44 [error] [exception.CHttpException.404] exception 'CHttpException' with message 'Unable to resolve the request "ie10-viewport-bug-workaround.js".' in K:\home\79a\www\framework\web\CWebApplication.php:286
Stack trace:
#0 K:\home\79a\www\framework\web\CWebApplication.php(141): CWebApplication->runController('ie10-viewport-b...')
#1 K:\home\79a\www\framework\base\CApplication.php(180): CWebApplication->processRequest()
#2 K:\home\79a\www\index.php(13): CApplication->run()
#3 {main}
REQUEST_URI=/ie10-viewport-bug-workaround.js
HTTP_REFERER=http://79a/NewDb
---
2014/08/22 05:36:49 [error] [exception.CHttpException.404] exception 'CHttpException' with message 'Unable to resolve the request "ie10-viewport-bug-workaround.js".' in K:\home\79a\www\framework\web\CWebApplication.php:286
Stack trace:
#0 K:\home\79a\www\framework\web\CWebApplication.php(141): CWebApplication->runController('ie10-viewport-b...')
#1 K:\home\79a\www\framework\base\CApplication.php(180): CWebApplication->processRequest()
#2 K:\home\79a\www\index.php(13): CApplication->run()
#3 {main}
REQUEST_URI=/ie10-viewport-bug-workaround.js
HTTP_REFERER=http://79a/
---
